<?xml version="1.0" encoding="UTF-8" standalone="no"?>
<!DOCTYPE log SYSTEM "logger.dtd">
<log>
<record>
  <date>2022-05-27T13:52:12.653374121Z</date>
  <millis>1653659532653</millis>
  <nanos>374121</nanos>
  <sequence>0</sequence>
  <logger>p1</logger>
  <level>WARNING</level>
  <class>breadmakesense.LoginWindowLogic</class>
  <method>loginInCheck</method>
  <thread>16</thread>
  <message>Username or Password invalid</message>
</record>
<record>
  <date>2022-05-27T13:52:12.871474981Z</date>
  <millis>1653659532871</millis>
  <nanos>474981</nanos>
  <sequence>1</sequence>
  <logger>p1</logger>
  <level>WARNING</level>
  <class>breadmakesense.LoginWindowLogic</class>
  <method>loginInCheck</method>
  <thread>16</thread>
  <message>Username or Password invalid</message>
</record>
<record>
  <date>2022-05-27T13:52:13.048905134Z</date>
  <millis>1653659533048</millis>
  <nanos>905134</nanos>
  <sequence>2</sequence>
  <logger>p1</logger>
  <level>WARNING</level>
  <class>breadmakesense.LoginWindowLogic</class>
  <method>loginInCheck</method>
  <thread>16</thread>
  <message>Username or Password invalid</message>
</record>
<record>
  <date>2022-05-27T13:52:13.096461983Z</date>
  <millis>1653659533096</millis>
  <nanos>461983</nanos>
  <sequence>3</sequence>
  <logger>p1</logger>
  <level>WARNING</level>
  <class>breadmakesense.LoginWindowLogic</class>
  <method>loginInCheck</method>
  <thread>16</thread>
  <message>Username or Password invalid</message>
</record>
<record>
  <date>2022-05-27T13:52:14.766280270Z</date>
  <millis>1653659534766</millis>
  <nanos>280270</nanos>
  <sequence>4</sequence>
  <logger>p1</logger>
  <level>INFO</level>
  <class>breadmakesense.LoginWindowLogic</class>
  <method>attempLogin</method>
  <thread>16</thread>
  <message>Connection established</message>
</record>
